<?xml version="1.0" encoding="UTF-8"?>
<!-- Generated by org.testng.reporters.JUnitReportReporter -->
<testsuite hostname="QH-20160302EMAV" name="com.dbyl.core.AppDemo" tests="1" failures="0" timestamp="23 Apr 2016 08:58:12 GMT" time="32.990" errors="0">
  <testcase name="addContact" time="32.990" classname="com.dbyl.core.AppDemo"/>
</testsuite> <!-- com.dbyl.core.AppDemo -->
