<?xml version="1.0" encoding="UTF-8"?>
<!-- Generated by org.testng.reporters.JUnitReportReporter -->
<testsuite hostname="QH-20160302EMAV" name="com.shichao.task.TaskKey" tests="1" failures="0" timestamp="24 Apr 2016 01:32:20 GMT" time="32.065" errors="0">
  <testcase name="addContact" time="32.065" classname="com.shichao.task.TaskKey"/>
</testsuite> <!-- com.shichao.task.TaskKey -->
